## Module report - date 3/9/2010-13:57:12
## Created by PcbNew version PCBNEW (2007-11-29-a)
## Unit = inches, Angle = deg.
##

$BeginDESCRIPTION

$BOARD
unit INCH
upper_left_corner  1.992400  0.692400
lower_right_corner  4.007600  2.307600
$EndBOARD

$MODULE "U1"
reference "U1"
value "7805"
footprint "LM78XX"
attribut none
position  2.994000  1.716000
orientation  90.00
layer component
$SHAPE3D
Na "discret/to220_horiz.wrl"
Sc 1.000000 1.000000 1.000000
Of 0.000000 0.000000 0.000000
Ro 0.000000 0.000000 0.000000
$EndSHAPE3D
$PAD "4"
position  0.650000  0.000000
size  0.350000  0.350000
drill  0.120000
shape_offset  0.000000  0.000000
orientation  0.00
Shape  Rect
Layer  all
$EndPAD
$PAD "VI"
position  0.000000 -0.100000
size  0.070000  0.070000
drill  0.045000
shape_offset  0.000000  0.000000
orientation  0.00
Shape  Circ
Layer  all
$EndPAD
$PAD "GND"
position  0.000000  0.000000
size  0.070000  0.070000
drill  0.045000
shape_offset  0.000000  0.000000
orientation  0.00
Shape  Rect
Layer  all
$EndPAD
$PAD "VO"
position  0.000000  0.100000
size  0.070000  0.070000
drill  0.045000
shape_offset  0.000000  0.000000
orientation  0.00
Shape  Circ
Layer  all
$EndPAD
$EndMODULE  U

$MODULE "P1"
reference "P1"
value "CONN_1"
footprint "PINTST"
attribut none
position  2.587000  0.968000
orientation  0.00
layer component
$SHAPE3D
Na "pin_array/pin_array_1x1.wrl"
Sc 1.000000 1.000000 1.000000
Of 0.000000 0.000000 0.000000
Ro 0.000000 0.000000 0.000000
$EndSHAPE3D
$PAD "1"
position  0.000000  0.000000
size  0.045000  0.045000
drill  0.025000
shape_offset  0.000000  0.000000
orientation  0.00
Shape  Circ
Layer  all
$EndPAD
$EndMODULE  P

$MODULE "P2"
reference "P2"
value "CONN_1"
footprint "PINTST"
attribut none
position  3.420000  1.988000
orientation  0.00
layer component
$SHAPE3D
Na "pin_array/pin_array_1x1.wrl"
Sc 1.000000 1.000000 1.000000
Of 0.000000 0.000000 0.000000
Ro 0.000000 0.000000 0.000000
$EndSHAPE3D
$PAD "1"
position  0.000000  0.000000
size  0.045000  0.045000
drill  0.025000
shape_offset  0.000000  0.000000
orientation  0.00
Shape  Circ
Layer  all
$EndPAD
$EndMODULE  P

$MODULE "P3"
reference "P3"
value "CONN_1"
footprint "PINTST"
attribut none
position  2.587000  1.988000
orientation  0.00
layer component
$SHAPE3D
Na "pin_array/pin_array_1x1.wrl"
Sc 1.000000 1.000000 1.000000
Of 0.000000 0.000000 0.000000
Ro 0.000000 0.000000 0.000000
$EndSHAPE3D
$PAD "1"
position  0.000000  0.000000
size  0.045000  0.045000
drill  0.025000
shape_offset  0.000000  0.000000
orientation  0.00
Shape  Circ
Layer  all
$EndPAD
$EndMODULE  P

$MODULE "P4"
reference "P4"
value "CONN_1"
footprint "PINTST"
attribut none
position  3.420000  0.966000
orientation  0.00
layer component
$SHAPE3D
Na "pin_array/pin_array_1x1.wrl"
Sc 1.000000 1.000000 1.000000
Of 0.000000 0.000000 0.000000
Ro 0.000000 0.000000 0.000000
$EndSHAPE3D
$PAD "1"
position  0.000000  0.000000
size  0.045000  0.045000
drill  0.025000
shape_offset  0.000000  0.000000
orientation  0.00
Shape  Circ
Layer  all
$EndPAD
$EndMODULE  P

$MODULE "P5"
reference "P5"
value "CONN_1"
footprint "1pin"
attribut none
position  2.260000  1.460000
orientation  0.00
layer component
$PAD "1"
position  0.000000  0.000000
size  0.160000  0.160000
drill  0.120000
shape_offset  0.000000  0.000000
orientation  0.00
Shape  Circ
Layer  all
$EndPAD
$EndMODULE  P

$MODULE "P6"
reference "P6"
value "CONN_1"
footprint "1pin"
attribut none
position  3.740000  1.460000
orientation  0.00
layer component
$PAD "1"
position  0.000000  0.000000
size  0.160000  0.160000
drill  0.120000
shape_offset  0.000000  0.000000
orientation  0.00
Shape  Circ
Layer  all
$EndPAD
$EndMODULE  P

$MODULE "C1"
reference "C1"
value "1000uF"
footprint "C2"
attribut none
position  2.586000  1.378000
orientation  270.00
layer component
$SHAPE3D
Na "discret/capa_2pas_5x5mm.wrl"
Sc 1.000000 1.000000 1.000000
Of 0.000000 0.000000 0.000000
Ro 0.000000 0.000000 0.000000
$EndSHAPE3D
$PAD "1"
position -0.100000  0.000000
size  0.055000  0.055000
drill  0.032000
shape_offset  0.000000  0.000000
orientation  0.00
Shape  Circ
Layer  all
$EndPAD
$PAD "2"
position  0.100000  0.000000
size  0.055000  0.055000
drill  0.032000
shape_offset  0.000000  0.000000
orientation  0.00
Shape  Circ
Layer  all
$EndPAD
$EndMODULE  C

$MODULE "C2"
reference "C2"
value "10uf"
footprint "C2"
attribut none
position  3.419000  1.378000
orientation  270.00
layer component
$SHAPE3D
Na "discret/capa_2pas_5x5mm.wrl"
Sc 1.000000 1.000000 1.000000
Of 0.000000 0.000000 0.000000
Ro 0.000000 0.000000 0.000000
$EndSHAPE3D
$PAD "1"
position -0.100000  0.000000
size  0.055000  0.055000
drill  0.032000
shape_offset  0.000000  0.000000
orientation  0.00
Shape  Circ
Layer  all
$EndPAD
$PAD "2"
position  0.100000  0.000000
size  0.055000  0.055000
drill  0.032000
shape_offset  0.000000  0.000000
orientation  0.00
Shape  Circ
Layer  all
$EndPAD
$EndMODULE  C

$LINE 
$EndLINE 
$LINE 
$EndLINE 
$LINE 
$EndLINE 
$LINE 
$EndLINE 
$EndDESCRIPTION
